{"C:\\Users\\asime\\source\\personal\\frontend-test\\src\\App.tsx": {"path":"C:\\Users\\asime\\source\\personal\\frontend-test\\src\\App.tsx","all":false,"statementMap":{"0":{"start":{"line":1,"column":0},"end":{"line":1,"column":45}},"1":{"start":{"line":2,"column":0},"end":{"line":2,"column":49}},"3":{"start":{"line":4,"column":0},"end":{"line":4,"column":25}},"24":{"start":{"line":25,"column":0},"end":{"line":25,"column":16}},"25":{"start":{"line":26,"column":0},"end":{"line":26,"column":10}},"26":{"start":{"line":27,"column":0},"end":{"line":27,"column":6}},"27":{"start":{"line":28,"column":0},"end":{"line":28,"column":38}},"28":{"start":{"line":29,"column":0},"end":{"line":29,"column":15}},"29":{"start":{"line":30,"column":0},"end":{"line":30,"column":7}},"31":{"start":{"line":32,"column":0},"end":{"line":32,"column":1}},"33":{"start":{"line":34,"column":0},"end":{"line":34,"column":19}}},"s":{"0":1,"1":1,"3":1,"24":4,"25":4,"26":4,"27":4,"28":4,"29":4,"31":4,"33":1},"branchMap":{"0":{"type":"branch","line":25,"loc":{"start":{"line":25,"column":0},"end":{"line":32,"column":1}},"locations":[{"start":{"line":25,"column":0},"end":{"line":32,"column":1}}]}},"b":{"0":[4]},"fnMap":{"0":{"name":"App","decl":{"start":{"line":25,"column":0},"end":{"line":32,"column":1}},"loc":{"start":{"line":25,"column":0},"end":{"line":32,"column":1}},"line":25}},"f":{"0":4}}
,"C:\\Users\\asime\\source\\personal\\frontend-test\\src\\components\\Board\\Board.tsx": {"path":"C:\\Users\\asime\\source\\personal\\frontend-test\\src\\components\\Board\\Board.tsx","all":false,"statementMap":{"0":{"start":{"line":1,"column":0},"end":{"line":1,"column":37}},"1":{"start":{"line":2,"column":0},"end":{"line":2,"column":33}},"2":{"start":{"line":3,"column":0},"end":{"line":3,"column":56}},"5":{"start":{"line":6,"column":0},"end":{"line":6,"column":42}},"6":{"start":{"line":7,"column":0},"end":{"line":7,"column":51}},"7":{"start":{"line":8,"column":0},"end":{"line":8,"column":51}},"8":{"start":{"line":9,"column":0},"end":{"line":9,"column":60}},"9":{"start":{"line":10,"column":0},"end":{"line":10,"column":36}},"10":{"start":{"line":11,"column":0},"end":{"line":11,"column":48}},"11":{"start":{"line":12,"column":0},"end":{"line":12,"column":50}},"13":{"start":{"line":14,"column":0},"end":{"line":14,"column":32}},"19":{"start":{"line":20,"column":0},"end":{"line":20,"column":31}},"23":{"start":{"line":24,"column":0},"end":{"line":24,"column":24}},"30":{"start":{"line":31,"column":0},"end":{"line":31,"column":33}},"37":{"start":{"line":38,"column":0},"end":{"line":38,"column":32}},"54":{"start":{"line":55,"column":0},"end":{"line":55,"column":36}},"63":{"start":{"line":64,"column":0},"end":{"line":64,"column":52}},"64":{"start":{"line":65,"column":0},"end":{"line":65,"column":37}},"65":{"start":{"line":66,"column":0},"end":{"line":66,"column":45}},"66":{"start":{"line":67,"column":0},"end":{"line":67,"column":38}},"67":{"start":{"line":68,"column":0},"end":{"line":68,"column":2}},"69":{"start":{"line":70,"column":0},"end":{"line":70,"column":25}},"70":{"start":{"line":71,"column":0},"end":{"line":71,"column":93}},"71":{"start":{"line":72,"column":0},"end":{"line":72,"column":15}},"73":{"start":{"line":74,"column":0},"end":{"line":74,"column":53}},"74":{"start":{"line":75,"column":0},"end":{"line":75,"column":71}},"75":{"start":{"line":76,"column":0},"end":{"line":76,"column":64}},"77":{"start":{"line":78,"column":0},"end":{"line":78,"column":64}},"78":{"start":{"line":79,"column":0},"end":{"line":79,"column":82}},"79":{"start":{"line":80,"column":0},"end":{"line":80,"column":73}},"81":{"start":{"line":82,"column":0},"end":{"line":82,"column":68}},"82":{"start":{"line":83,"column":0},"end":{"line":83,"column":76}},"84":{"start":{"line":85,"column":0},"end":{"line":85,"column":56}},"86":{"start":{"line":87,"column":0},"end":{"line":87,"column":60}},"87":{"start":{"line":88,"column":0},"end":{"line":88,"column":51}},"88":{"start":{"line":89,"column":0},"end":{"line":89,"column":87}},"89":{"start":{"line":90,"column":0},"end":{"line":90,"column":4}},"91":{"start":{"line":92,"column":0},"end":{"line":92,"column":66}},"92":{"start":{"line":93,"column":0},"end":{"line":93,"column":22}},"93":{"start":{"line":94,"column":0},"end":{"line":94,"column":34}},"94":{"start":{"line":95,"column":0},"end":{"line":95,"column":82}},"95":{"start":{"line":96,"column":0},"end":{"line":96,"column":8}},"96":{"start":{"line":97,"column":0},"end":{"line":97,"column":12}},"97":{"start":{"line":98,"column":0},"end":{"line":98,"column":31}},"98":{"start":{"line":99,"column":0},"end":{"line":99,"column":5}},"99":{"start":{"line":100,"column":0},"end":{"line":100,"column":4}},"101":{"start":{"line":102,"column":0},"end":{"line":102,"column":31}},"102":{"start":{"line":103,"column":0},"end":{"line":103,"column":31}},"103":{"start":{"line":104,"column":0},"end":{"line":104,"column":30}},"104":{"start":{"line":105,"column":0},"end":{"line":105,"column":29}},"105":{"start":{"line":106,"column":0},"end":{"line":106,"column":4}},"107":{"start":{"line":108,"column":0},"end":{"line":108,"column":46}},"108":{"start":{"line":109,"column":0},"end":{"line":109,"column":29}},"109":{"start":{"line":110,"column":0},"end":{"line":110,"column":25}},"110":{"start":{"line":111,"column":0},"end":{"line":111,"column":29}},"111":{"start":{"line":112,"column":0},"end":{"line":112,"column":4}},"113":{"start":{"line":114,"column":0},"end":{"line":114,"column":44}},"114":{"start":{"line":115,"column":0},"end":{"line":115,"column":26}},"115":{"start":{"line":116,"column":0},"end":{"line":116,"column":31}},"116":{"start":{"line":117,"column":0},"end":{"line":117,"column":4}},"118":{"start":{"line":119,"column":0},"end":{"line":119,"column":37}},"119":{"start":{"line":120,"column":0},"end":{"line":120,"column":25}},"120":{"start":{"line":121,"column":0},"end":{"line":121,"column":33}},"121":{"start":{"line":122,"column":0},"end":{"line":122,"column":34}},"122":{"start":{"line":123,"column":0},"end":{"line":123,"column":30}},"123":{"start":{"line":124,"column":0},"end":{"line":124,"column":5}},"124":{"start":{"line":125,"column":0},"end":{"line":125,"column":4}},"126":{"start":{"line":127,"column":0},"end":{"line":127,"column":48}},"127":{"start":{"line":128,"column":0},"end":{"line":128,"column":44}},"128":{"start":{"line":129,"column":0},"end":{"line":129,"column":37}},"129":{"start":{"line":130,"column":0},"end":{"line":130,"column":23}},"130":{"start":{"line":131,"column":0},"end":{"line":131,"column":29}},"131":{"start":{"line":132,"column":0},"end":{"line":132,"column":39}},"132":{"start":{"line":133,"column":0},"end":{"line":133,"column":5}},"133":{"start":{"line":134,"column":0},"end":{"line":134,"column":30}},"134":{"start":{"line":135,"column":0},"end":{"line":135,"column":30}},"135":{"start":{"line":136,"column":0},"end":{"line":136,"column":4}},"137":{"start":{"line":138,"column":0},"end":{"line":138,"column":54}},"138":{"start":{"line":139,"column":0},"end":{"line":139,"column":29}},"139":{"start":{"line":140,"column":0},"end":{"line":140,"column":37}},"141":{"start":{"line":142,"column":0},"end":{"line":142,"column":57}},"142":{"start":{"line":143,"column":0},"end":{"line":143,"column":48}},"143":{"start":{"line":144,"column":0},"end":{"line":144,"column":5}},"144":{"start":{"line":145,"column":0},"end":{"line":145,"column":4}},"146":{"start":{"line":147,"column":0},"end":{"line":147,"column":50}},"147":{"start":{"line":148,"column":0},"end":{"line":148,"column":35}},"148":{"start":{"line":149,"column":0},"end":{"line":149,"column":22}},"150":{"start":{"line":151,"column":0},"end":{"line":151,"column":16}},"151":{"start":{"line":152,"column":0},"end":{"line":152,"column":13}},"152":{"start":{"line":153,"column":0},"end":{"line":153,"column":5}},"154":{"start":{"line":155,"column":0},"end":{"line":155,"column":47}},"156":{"start":{"line":157,"column":0},"end":{"line":157,"column":60}},"157":{"start":{"line":158,"column":0},"end":{"line":158,"column":13}},"158":{"start":{"line":159,"column":0},"end":{"line":159,"column":5}},"160":{"start":{"line":161,"column":0},"end":{"line":161,"column":93}},"162":{"start":{"line":163,"column":0},"end":{"line":163,"column":43}},"164":{"start":{"line":165,"column":0},"end":{"line":165,"column":27}},"165":{"start":{"line":166,"column":0},"end":{"line":166,"column":4}},"167":{"start":{"line":168,"column":0},"end":{"line":168,"column":82}},"169":{"start":{"line":170,"column":0},"end":{"line":170,"column":10}},"170":{"start":{"line":171,"column":0},"end":{"line":171,"column":18}},"171":{"start":{"line":172,"column":0},"end":{"line":172,"column":19}},"172":{"start":{"line":173,"column":0},"end":{"line":173,"column":37}},"173":{"start":{"line":174,"column":0},"end":{"line":174,"column":23}},"174":{"start":{"line":175,"column":0},"end":{"line":175,"column":69}},"175":{"start":{"line":176,"column":0},"end":{"line":176,"column":74}},"176":{"start":{"line":177,"column":0},"end":{"line":177,"column":24}},"177":{"start":{"line":178,"column":0},"end":{"line":178,"column":20}},"179":{"start":{"line":180,"column":0},"end":{"line":180,"column":74}},"180":{"start":{"line":181,"column":0},"end":{"line":181,"column":26}},"181":{"start":{"line":182,"column":0},"end":{"line":182,"column":36}},"182":{"start":{"line":183,"column":0},"end":{"line":183,"column":19}},"183":{"start":{"line":184,"column":0},"end":{"line":184,"column":29}},"184":{"start":{"line":185,"column":0},"end":{"line":185,"column":28}},"185":{"start":{"line":186,"column":0},"end":{"line":186,"column":34}},"186":{"start":{"line":187,"column":0},"end":{"line":187,"column":57}},"187":{"start":{"line":188,"column":0},"end":{"line":188,"column":47}},"188":{"start":{"line":189,"column":0},"end":{"line":189,"column":31}},"189":{"start":{"line":190,"column":0},"end":{"line":190,"column":45}},"190":{"start":{"line":191,"column":0},"end":{"line":191,"column":41}},"191":{"start":{"line":192,"column":0},"end":{"line":192,"column":45}},"192":{"start":{"line":193,"column":0},"end":{"line":193,"column":14}},"193":{"start":{"line":194,"column":0},"end":{"line":194,"column":13}},"194":{"start":{"line":195,"column":0},"end":{"line":195,"column":27}},"196":{"start":{"line":197,"column":0},"end":{"line":197,"column":21}},"197":{"start":{"line":198,"column":0},"end":{"line":198,"column":25}},"198":{"start":{"line":199,"column":0},"end":{"line":199,"column":17}},"199":{"start":{"line":200,"column":0},"end":{"line":200,"column":31}},"200":{"start":{"line":201,"column":0},"end":{"line":201,"column":32}},"201":{"start":{"line":202,"column":0},"end":{"line":202,"column":33}},"202":{"start":{"line":203,"column":0},"end":{"line":203,"column":31}},"203":{"start":{"line":204,"column":0},"end":{"line":204,"column":33}},"204":{"start":{"line":205,"column":0},"end":{"line":205,"column":14}},"205":{"start":{"line":206,"column":0},"end":{"line":206,"column":19}},"206":{"start":{"line":207,"column":0},"end":{"line":207,"column":22}},"207":{"start":{"line":208,"column":0},"end":{"line":208,"column":19}},"209":{"start":{"line":210,"column":0},"end":{"line":210,"column":16}},"210":{"start":{"line":211,"column":0},"end":{"line":211,"column":32}},"211":{"start":{"line":212,"column":0},"end":{"line":212,"column":28}},"212":{"start":{"line":213,"column":0},"end":{"line":213,"column":26}},"213":{"start":{"line":214,"column":0},"end":{"line":214,"column":24}},"214":{"start":{"line":215,"column":0},"end":{"line":215,"column":36}},"215":{"start":{"line":216,"column":0},"end":{"line":216,"column":36}},"216":{"start":{"line":217,"column":0},"end":{"line":217,"column":10}},"217":{"start":{"line":218,"column":0},"end":{"line":218,"column":40}},"218":{"start":{"line":219,"column":0},"end":{"line":219,"column":8}},"220":{"start":{"line":221,"column":0},"end":{"line":221,"column":19}},"221":{"start":{"line":222,"column":0},"end":{"line":222,"column":34}},"222":{"start":{"line":223,"column":0},"end":{"line":223,"column":32}},"223":{"start":{"line":224,"column":0},"end":{"line":224,"column":102}},"224":{"start":{"line":225,"column":0},"end":{"line":225,"column":39}},"225":{"start":{"line":226,"column":0},"end":{"line":226,"column":25}},"226":{"start":{"line":227,"column":0},"end":{"line":227,"column":38}},"227":{"start":{"line":228,"column":0},"end":{"line":228,"column":34}},"228":{"start":{"line":229,"column":0},"end":{"line":229,"column":10}},"229":{"start":{"line":230,"column":0},"end":{"line":230,"column":8}},"230":{"start":{"line":231,"column":0},"end":{"line":231,"column":19}},"232":{"start":{"line":233,"column":0},"end":{"line":233,"column":1}}},"s":{"0":1,"1":1,"2":1,"5":1,"6":1,"7":1,"8":1,"9":1,"10":1,"11":1,"13":1,"19":1,"23":1,"30":1,"37":1,"54":1,"63":1,"64":1,"65":1,"66":1,"67":1,"69":1,"70":17,"71":17,"73":17,"74":17,"75":17,"77":17,"78":17,"79":17,"81":17,"82":17,"84":17,"86":17,"87":51,"88":51,"89":51,"91":17,"92":0,"93":0,"94":0,"95":0,"96":0,"97":0,"98":0,"99":0,"101":17,"102":1,"103":1,"104":1,"105":1,"107":17,"108":0,"109":0,"110":0,"111":0,"113":17,"114":0,"115":0,"116":0,"118":17,"119":0,"120":0,"121":0,"122":0,"123":0,"124":0,"126":17,"127":0,"128":0,"129":0,"130":0,"131":0,"132":0,"133":0,"134":0,"135":0,"137":17,"138":0,"139":0,"141":0,"142":0,"143":0,"144":0,"146":17,"147":0,"148":0,"150":0,"151":0,"152":0,"154":0,"156":0,"157":0,"158":0,"160":0,"162":0,"164":0,"165":0,"167":17,"169":17,"170":17,"171":17,"172":17,"173":17,"174":17,"175":17,"176":17,"177":17,"179":17,"180":17,"181":17,"182":51,"183":51,"184":51,"185":51,"186":51,"187":51,"188":51,"189":51,"190":51,"191":51,"192":51,"193":17,"194":17,"196":17,"197":17,"198":0,"199":0,"200":0,"201":0,"202":0,"203":0,"204":0,"205":17,"206":17,"207":17,"209":17,"210":17,"211":17,"212":17,"213":17,"214":0,"215":0,"216":0,"217":17,"218":17,"220":17,"221":17,"222":17,"223":17,"224":17,"225":17,"226":0,"227":0,"228":0,"229":17,"230":17,"232":17},"branchMap":{"0":{"type":"branch","line":70,"loc":{"start":{"line":70,"column":7},"end":{"line":233,"column":1}},"locations":[{"start":{"line":70,"column":7},"end":{"line":233,"column":1}}]},"1":{"type":"branch","line":168,"loc":{"start":{"line":168,"column":21},"end":{"line":168,"column":77}},"locations":[{"start":{"line":168,"column":21},"end":{"line":168,"column":77}}]},"2":{"type":"branch","line":198,"loc":{"start":{"line":198,"column":11},"end":{"line":205,"column":14}},"locations":[{"start":{"line":198,"column":11},"end":{"line":205,"column":14}}]},"3":{"type":"branch","line":87,"loc":{"start":{"line":87,"column":35},"end":{"line":90,"column":4}},"locations":[{"start":{"line":87,"column":35},"end":{"line":90,"column":4}}]},"4":{"type":"branch","line":89,"loc":{"start":{"line":89,"column":30},"end":{"line":89,"column":85}},"locations":[{"start":{"line":89,"column":30},"end":{"line":89,"column":85}}]},"5":{"type":"branch","line":89,"loc":{"start":{"line":89,"column":59},"end":{"line":89,"column":84}},"locations":[{"start":{"line":89,"column":59},"end":{"line":89,"column":84}}]},"6":{"type":"branch","line":102,"loc":{"start":{"line":102,"column":24},"end":{"line":106,"column":4}},"locations":[{"start":{"line":102,"column":24},"end":{"line":106,"column":4}}]},"7":{"type":"branch","line":182,"loc":{"start":{"line":182,"column":23},"end":{"line":193,"column":14}},"locations":[{"start":{"line":182,"column":23},"end":{"line":193,"column":14}}]}},"b":{"0":[17],"1":[0],"2":[0],"3":[51],"4":[1],"5":[1],"6":[1],"7":[51]},"fnMap":{"0":{"name":"Board","decl":{"start":{"line":70,"column":7},"end":{"line":233,"column":1}},"loc":{"start":{"line":70,"column":7},"end":{"line":233,"column":1}},"line":70},"1":{"name":"getFilteredCardsByColumn","decl":{"start":{"line":87,"column":35},"end":{"line":90,"column":4}},"loc":{"start":{"line":87,"column":35},"end":{"line":90,"column":4}},"line":87},"2":{"name":"handleSelectCard","decl":{"start":{"line":92,"column":27},"end":{"line":100,"column":4}},"loc":{"start":{"line":92,"column":27},"end":{"line":100,"column":4}},"line":92},"3":{"name":"handleAddCard","decl":{"start":{"line":102,"column":24},"end":{"line":106,"column":4}},"loc":{"start":{"line":102,"column":24},"end":{"line":106,"column":4}},"line":102},"4":{"name":"handleEditCard","decl":{"start":{"line":108,"column":25},"end":{"line":112,"column":4}},"loc":{"start":{"line":108,"column":25},"end":{"line":112,"column":4}},"line":108},"5":{"name":"handleDeleteCard","decl":{"start":{"line":114,"column":27},"end":{"line":117,"column":4}},"loc":{"start":{"line":114,"column":27},"end":{"line":117,"column":4}},"line":114},"6":{"name":"handleConfirmDelete","decl":{"start":{"line":119,"column":30},"end":{"line":125,"column":4}},"loc":{"start":{"line":119,"column":30},"end":{"line":125,"column":4}},"line":119},"7":{"name":"handleCardModalSubmit","decl":{"start":{"line":127,"column":32},"end":{"line":136,"column":4}},"loc":{"start":{"line":127,"column":32},"end":{"line":136,"column":4}},"line":127},"8":{"name":"handleDragStart","decl":{"start":{"line":138,"column":26},"end":{"line":145,"column":4}},"loc":{"start":{"line":138,"column":26},"end":{"line":145,"column":4}},"line":138},"9":{"name":"handleDragEnd","decl":{"start":{"line":147,"column":24},"end":{"line":166,"column":4}},"loc":{"start":{"line":147,"column":24},"end":{"line":166,"column":4}},"line":147},"10":{"name":"onSelect","decl":{"start":{"line":202,"column":24},"end":{"line":202,"column":33}},"loc":{"start":{"line":202,"column":24},"end":{"line":202,"column":33}},"line":202},"11":{"name":"onEdit","decl":{"start":{"line":203,"column":22},"end":{"line":203,"column":31}},"loc":{"start":{"line":203,"column":22},"end":{"line":203,"column":31}},"line":203},"12":{"name":"onDelete","decl":{"start":{"line":204,"column":24},"end":{"line":204,"column":33}},"loc":{"start":{"line":204,"column":24},"end":{"line":204,"column":33}},"line":204},"13":{"name":"onClose","decl":{"start":{"line":214,"column":17},"end":{"line":217,"column":10}},"loc":{"start":{"line":214,"column":17},"end":{"line":217,"column":10}},"line":214},"14":{"name":"onCancel","decl":{"start":{"line":226,"column":18},"end":{"line":229,"column":10}},"loc":{"start":{"line":226,"column":18},"end":{"line":229,"column":10}},"line":226}},"f":{"0":17,"1":51,"2":0,"3":1,"4":0,"5":0,"6":0,"7":0,"8":0,"9":0,"10":0,"11":0,"12":0,"13":0,"14":0}}
,"C:\\Users\\asime\\source\\personal\\frontend-test\\src\\components\\Card\\Card.tsx": {"path":"C:\\Users\\asime\\source\\personal\\frontend-test\\src\\components\\Card\\Card.tsx","all":false,"statementMap":{"0":{"start":{"line":1,"column":0},"end":{"line":1,"column":37}},"1":{"start":{"line":2,"column":0},"end":{"line":2,"column":34}},"3":{"start":{"line":4,"column":0},"end":{"line":4,"column":48}},"4":{"start":{"line":5,"column":0},"end":{"line":5,"column":41}},"6":{"start":{"line":7,"column":0},"end":{"line":7,"column":40}},"7":{"start":{"line":8,"column":0},"end":{"line":8,"column":17}},"8":{"start":{"line":9,"column":0},"end":{"line":9,"column":31}},"9":{"start":{"line":10,"column":0},"end":{"line":10,"column":32}},"10":{"start":{"line":11,"column":0},"end":{"line":11,"column":2}},"12":{"start":{"line":13,"column":0},"end":{"line":13,"column":79}},"14":{"start":{"line":15,"column":0},"end":{"line":15,"column":77}},"20":{"start":{"line":21,"column":0},"end":{"line":21,"column":54}},"32":{"start":{"line":33,"column":0},"end":{"line":33,"column":28}},"39":{"start":{"line":40,"column":0},"end":{"line":40,"column":33}},"46":{"start":{"line":47,"column":0},"end":{"line":47,"column":28}},"53":{"start":{"line":54,"column":0},"end":{"line":54,"column":48}},"54":{"start":{"line":55,"column":0},"end":{"line":55,"column":40}},"62":{"start":{"line":63,"column":0},"end":{"line":63,"column":28}},"74":{"start":{"line":75,"column":0},"end":{"line":75,"column":50}},"76":{"start":{"line":77,"column":0},"end":{"line":77,"column":63}},"86":{"start":{"line":87,"column":0},"end":{"line":87,"column":31}},"92":{"start":{"line":93,"column":0},"end":{"line":93,"column":62}},"99":{"start":{"line":100,"column":0},"end":{"line":100,"column":87}},"104":{"start":{"line":105,"column":0},"end":{"line":105,"column":89}},"116":{"start":{"line":117,"column":0},"end":{"line":117,"column":83}},"117":{"start":{"line":118,"column":0},"end":{"line":118,"column":96}},"118":{"start":{"line":119,"column":0},"end":{"line":119,"column":16}},"119":{"start":{"line":120,"column":0},"end":{"line":120,"column":5}},"121":{"start":{"line":122,"column":0},"end":{"line":122,"column":17}},"122":{"start":{"line":123,"column":0},"end":{"line":123,"column":49}},"123":{"start":{"line":124,"column":0},"end":{"line":124,"column":15}},"124":{"start":{"line":125,"column":0},"end":{"line":125,"column":4}},"126":{"start":{"line":127,"column":0},"end":{"line":127,"column":56}},"128":{"start":{"line":129,"column":0},"end":{"line":129,"column":48}},"129":{"start":{"line":130,"column":0},"end":{"line":130,"column":54}},"130":{"start":{"line":131,"column":0},"end":{"line":131,"column":13}},"131":{"start":{"line":132,"column":0},"end":{"line":132,"column":5}},"132":{"start":{"line":133,"column":0},"end":{"line":133,"column":60}},"133":{"start":{"line":134,"column":0},"end":{"line":134,"column":4}},"135":{"start":{"line":136,"column":0},"end":{"line":136,"column":10}},"136":{"start":{"line":137,"column":0},"end":{"line":137,"column":16}},"137":{"start":{"line":138,"column":0},"end":{"line":138,"column":22}},"138":{"start":{"line":139,"column":0},"end":{"line":139,"column":19}},"139":{"start":{"line":140,"column":0},"end":{"line":140,"column":21}},"140":{"start":{"line":141,"column":0},"end":{"line":141,"column":20}},"141":{"start":{"line":142,"column":0},"end":{"line":142,"column":29}},"142":{"start":{"line":143,"column":0},"end":{"line":143,"column":29}},"143":{"start":{"line":144,"column":0},"end":{"line":144,"column":27}},"145":{"start":{"line":146,"column":0},"end":{"line":146,"column":41}},"146":{"start":{"line":147,"column":0},"end":{"line":147,"column":59}},"147":{"start":{"line":148,"column":0},"end":{"line":148,"column":16}},"148":{"start":{"line":149,"column":0},"end":{"line":149,"column":67}},"149":{"start":{"line":150,"column":0},"end":{"line":150,"column":44}},"150":{"start":{"line":151,"column":0},"end":{"line":151,"column":17}},"151":{"start":{"line":152,"column":0},"end":{"line":152,"column":93}},"152":{"start":{"line":153,"column":0},"end":{"line":153,"column":19}},"153":{"start":{"line":154,"column":0},"end":{"line":154,"column":15}},"154":{"start":{"line":155,"column":0},"end":{"line":155,"column":52}},"155":{"start":{"line":156,"column":0},"end":{"line":156,"column":50}},"156":{"start":{"line":157,"column":0},"end":{"line":157,"column":27}},"157":{"start":{"line":158,"column":0},"end":{"line":158,"column":32}},"158":{"start":{"line":159,"column":0},"end":{"line":159,"column":25}},"159":{"start":{"line":160,"column":0},"end":{"line":160,"column":12}},"160":{"start":{"line":161,"column":0},"end":{"line":161,"column":9}},"162":{"start":{"line":163,"column":0},"end":{"line":163,"column":17}},"163":{"start":{"line":164,"column":0},"end":{"line":164,"column":15}},"164":{"start":{"line":165,"column":0},"end":{"line":165,"column":26}},"165":{"start":{"line":166,"column":0},"end":{"line":166,"column":52}},"166":{"start":{"line":167,"column":0},"end":{"line":167,"column":50}},"167":{"start":{"line":168,"column":0},"end":{"line":168,"column":27}},"168":{"start":{"line":169,"column":0},"end":{"line":169,"column":32}},"169":{"start":{"line":170,"column":0},"end":{"line":170,"column":30}},"170":{"start":{"line":171,"column":0},"end":{"line":171,"column":12}},"171":{"start":{"line":172,"column":0},"end":{"line":172,"column":9}},"173":{"start":{"line":174,"column":0},"end":{"line":174,"column":17}},"174":{"start":{"line":175,"column":0},"end":{"line":175,"column":20}},"175":{"start":{"line":176,"column":0},"end":{"line":176,"column":18}},"177":{"start":{"line":178,"column":0},"end":{"line":178,"column":1}}},"s":{"0":1,"1":1,"3":1,"4":1,"6":1,"7":1,"8":1,"9":1,"10":1,"12":1,"14":1,"20":1,"32":1,"39":1,"46":1,"53":1,"54":1,"62":1,"74":1,"76":1,"86":1,"92":1,"99":1,"104":1,"116":1,"117":3,"118":3,"119":3,"121":3,"122":3,"123":3,"124":3,"126":3,"128":3,"129":0,"130":0,"131":0,"132":0,"133":0,"135":3,"136":3,"137":3,"138":3,"139":3,"140":3,"141":3,"142":3,"143":3,"145":3,"146":3,"147":3,"148":3,"149":3,"150":3,"151":3,"152":3,"153":3,"154":3,"155":3,"156":3,"157":0,"158":0,"159":0,"160":3,"162":3,"163":3,"164":3,"165":3,"166":3,"167":3,"168":0,"169":0,"170":0,"171":3,"173":3,"174":3,"175":3,"177":3},"branchMap":{"0":{"type":"branch","line":15,"loc":{"start":{"line":15,"column":22},"end":{"line":15,"column":75}},"locations":[{"start":{"line":15,"column":22},"end":{"line":15,"column":75}}]},"1":{"type":"branch","line":15,"loc":{"start":{"line":15,"column":40},"end":{"line":15,"column":65}},"locations":[{"start":{"line":15,"column":40},"end":{"line":15,"column":65}}]},"2":{"type":"branch","line":21,"loc":{"start":{"line":21,"column":13},"end":{"line":21,"column":52}},"locations":[{"start":{"line":21,"column":13},"end":{"line":21,"column":52}}]},"3":{"type":"branch","line":21,"loc":{"start":{"line":21,"column":31},"end":{"line":21,"column":50}},"locations":[{"start":{"line":21,"column":31},"end":{"line":21,"column":50}}]},"4":{"type":"branch","line":55,"loc":{"start":{"line":55,"column":16},"end":{"line":55,"column":38}},"locations":[{"start":{"line":55,"column":16},"end":{"line":55,"column":38}}]},"5":{"type":"branch","line":77,"loc":{"start":{"line":77,"column":11},"end":{"line":77,"column":61}},"locations":[{"start":{"line":77,"column":11},"end":{"line":77,"column":61}}]},"6":{"type":"branch","line":77,"loc":{"start":{"line":77,"column":39},"end":{"line":77,"column":61}},"locations":[{"start":{"line":77,"column":39},"end":{"line":77,"column":61}}]},"7":{"type":"branch","line":100,"loc":{"start":{"line":100,"column":22},"end":{"line":100,"column":85}},"locations":[{"start":{"line":100,"column":22},"end":{"line":100,"column":85}}]},"8":{"type":"branch","line":100,"loc":{"start":{"line":100,"column":52},"end":{"line":100,"column":75}},"locations":[{"start":{"line":100,"column":52},"end":{"line":100,"column":75}}]},"9":{"type":"branch","line":100,"loc":{"start":{"line":100,"column":63},"end":{"line":100,"column":85}},"locations":[{"start":{"line":100,"column":63},"end":{"line":100,"column":85}}]},"10":{"type":"branch","line":105,"loc":{"start":{"line":105,"column":24},"end":{"line":105,"column":87}},"locations":[{"start":{"line":105,"column":24},"end":{"line":105,"column":87}}]},"11":{"type":"branch","line":105,"loc":{"start":{"line":105,"column":54},"end":{"line":105,"column":77}},"locations":[{"start":{"line":105,"column":54},"end":{"line":105,"column":77}}]},"12":{"type":"branch","line":105,"loc":{"start":{"line":105,"column":65},"end":{"line":105,"column":87}},"locations":[{"start":{"line":105,"column":65},"end":{"line":105,"column":87}}]},"13":{"type":"branch","line":117,"loc":{"start":{"line":117,"column":7},"end":{"line":178,"column":1}},"locations":[{"start":{"line":117,"column":7},"end":{"line":178,"column":1}}]}},"b":{"0":[3],"1":[0],"2":[3],"3":[0],"4":[3],"5":[3],"6":[0],"7":[6],"8":[3],"9":[3],"10":[6],"11":[3],"12":[3],"13":[3]},"fnMap":{"0":{"name":"Card.card.card","decl":{"start":{"line":100,"column":22},"end":{"line":100,"column":85}},"loc":{"start":{"line":100,"column":22},"end":{"line":100,"column":85}},"line":100},"1":{"name":"Card","decl":{"start":{"line":117,"column":7},"end":{"line":178,"column":1}},"loc":{"start":{"line":117,"column":7},"end":{"line":178,"column":1}},"line":117},"2":{"name":"handleClick","decl":{"start":{"line":129,"column":22},"end":{"line":134,"column":4}},"loc":{"start":{"line":129,"column":22},"end":{"line":134,"column":4}},"line":129},"3":{"name":"onPointerDown","decl":{"start":{"line":155,"column":25},"end":{"line":155,"column":52}},"loc":{"start":{"line":155,"column":25},"end":{"line":155,"column":52}},"line":155},"4":{"name":"onMouseDown","decl":{"start":{"line":156,"column":23},"end":{"line":156,"column":50}},"loc":{"start":{"line":156,"column":23},"end":{"line":156,"column":50}},"line":156},"5":{"name":"onClick","decl":{"start":{"line":157,"column":19},"end":{"line":160,"column":12}},"loc":{"start":{"line":157,"column":19},"end":{"line":160,"column":12}},"line":157},"6":{"name":"onPointerDown","decl":{"start":{"line":166,"column":25},"end":{"line":166,"column":52}},"loc":{"start":{"line":166,"column":25},"end":{"line":166,"column":52}},"line":166},"7":{"name":"onMouseDown","decl":{"start":{"line":167,"column":23},"end":{"line":167,"column":50}},"loc":{"start":{"line":167,"column":23},"end":{"line":167,"column":50}},"line":167},"8":{"name":"onClick","decl":{"start":{"line":168,"column":19},"end":{"line":171,"column":12}},"loc":{"start":{"line":168,"column":19},"end":{"line":171,"column":12}},"line":168}},"f":{"0":6,"1":3,"2":0,"3":0,"4":0,"5":0,"6":0,"7":0,"8":0}}
,"C:\\Users\\asime\\source\\personal\\frontend-test\\src\\components\\CardModal\\CardModal.tsx": {"path":"C:\\Users\\asime\\source\\personal\\frontend-test\\src\\components\\CardModal\\CardModal.tsx","all":false,"statementMap":{"0":{"start":{"line":1,"column":0},"end":{"line":1,"column":37}},"1":{"start":{"line":2,"column":0},"end":{"line":2,"column":42}},"3":{"start":{"line":4,"column":0},"end":{"line":4,"column":34}},"5":{"start":{"line":6,"column":0},"end":{"line":6,"column":27}},"18":{"start":{"line":19,"column":0},"end":{"line":19,"column":25}},"27":{"start":{"line":28,"column":0},"end":{"line":28,"column":31}},"34":{"start":{"line":35,"column":0},"end":{"line":35,"column":29}},"41":{"start":{"line":42,"column":0},"end":{"line":42,"column":34}},"61":{"start":{"line":62,"column":0},"end":{"line":62,"column":25}},"67":{"start":{"line":68,"column":0},"end":{"line":68,"column":29}},"73":{"start":{"line":74,"column":0},"end":{"line":74,"column":27}},"79":{"start":{"line":80,"column":0},"end":{"line":80,"column":51}},"81":{"start":{"line":82,"column":0},"end":{"line":82,"column":75}},"94":{"start":{"line":95,"column":0},"end":{"line":95,"column":57}},"96":{"start":{"line":97,"column":0},"end":{"line":97,"column":75}},"112":{"start":{"line":113,"column":0},"end":{"line":113,"column":53}},"114":{"start":{"line":115,"column":0},"end":{"line":115,"column":75}},"128":{"start":{"line":129,"column":0},"end":{"line":129,"column":33}},"133":{"start":{"line":134,"column":0},"end":{"line":134,"column":31}},"139":{"start":{"line":140,"column":0},"end":{"line":140,"column":68}},"149":{"start":{"line":150,"column":0},"end":{"line":150,"column":14}},"150":{"start":{"line":151,"column":0},"end":{"line":151,"column":31}},"151":{"start":{"line":152,"column":0},"end":{"line":152,"column":9}},"162":{"start":{"line":163,"column":0},"end":{"line":163,"column":9}},"168":{"start":{"line":169,"column":0},"end":{"line":169,"column":4}},"179":{"start":{"line":180,"column":0},"end":{"line":180,"column":73}},"181":{"start":{"line":182,"column":0},"end":{"line":182,"column":86}},"182":{"start":{"line":183,"column":0},"end":{"line":183,"column":9}},"183":{"start":{"line":184,"column":0},"end":{"line":184,"column":13}},"184":{"start":{"line":185,"column":0},"end":{"line":185,"column":17}},"185":{"start":{"line":186,"column":0},"end":{"line":186,"column":26}},"186":{"start":{"line":187,"column":0},"end":{"line":187,"column":10}},"187":{"start":{"line":188,"column":0},"end":{"line":188,"column":29}},"188":{"start":{"line":189,"column":0},"end":{"line":189,"column":23}},"189":{"start":{"line":190,"column":0},"end":{"line":190,"column":9}},"190":{"start":{"line":191,"column":0},"end":{"line":191,"column":28}},"191":{"start":{"line":192,"column":0},"end":{"line":192,"column":40}},"192":{"start":{"line":193,"column":0},"end":{"line":193,"column":24}},"193":{"start":{"line":194,"column":0},"end":{"line":194,"column":34}},"194":{"start":{"line":195,"column":0},"end":{"line":195,"column":32}},"195":{"start":{"line":196,"column":0},"end":{"line":196,"column":9}},"196":{"start":{"line":197,"column":0},"end":{"line":197,"column":18}},"197":{"start":{"line":198,"column":0},"end":{"line":198,"column":5}},"199":{"start":{"line":200,"column":0},"end":{"line":200,"column":19}},"200":{"start":{"line":201,"column":0},"end":{"line":201,"column":25}},"201":{"start":{"line":202,"column":0},"end":{"line":202,"column":13}},"202":{"start":{"line":203,"column":0},"end":{"line":203,"column":26}},"203":{"start":{"line":204,"column":0},"end":{"line":204,"column":38}},"204":{"start":{"line":205,"column":0},"end":{"line":205,"column":22}},"205":{"start":{"line":206,"column":0},"end":{"line":206,"column":32}},"206":{"start":{"line":207,"column":0},"end":{"line":207,"column":30}},"207":{"start":{"line":208,"column":0},"end":{"line":208,"column":9}},"208":{"start":{"line":209,"column":0},"end":{"line":209,"column":33}},"209":{"start":{"line":210,"column":0},"end":{"line":210,"column":13}},"210":{"start":{"line":211,"column":0},"end":{"line":211,"column":18}},"211":{"start":{"line":212,"column":0},"end":{"line":212,"column":24}},"212":{"start":{"line":213,"column":0},"end":{"line":213,"column":19}},"213":{"start":{"line":214,"column":0},"end":{"line":214,"column":21}},"214":{"start":{"line":215,"column":0},"end":{"line":215,"column":20}},"215":{"start":{"line":216,"column":0},"end":{"line":216,"column":9}},"216":{"start":{"line":217,"column":0},"end":{"line":217,"column":5}},"217":{"start":{"line":218,"column":0},"end":{"line":218,"column":28}},"219":{"start":{"line":220,"column":0},"end":{"line":220,"column":16}},"220":{"start":{"line":221,"column":0},"end":{"line":221,"column":16}},"221":{"start":{"line":222,"column":0},"end":{"line":222,"column":3}},"223":{"start":{"line":224,"column":0},"end":{"line":224,"column":55}},"224":{"start":{"line":225,"column":0},"end":{"line":225,"column":39}},"225":{"start":{"line":226,"column":0},"end":{"line":226,"column":16}},"226":{"start":{"line":227,"column":0},"end":{"line":227,"column":5}},"227":{"start":{"line":228,"column":0},"end":{"line":228,"column":4}},"229":{"start":{"line":230,"column":0},"end":{"line":230,"column":48}},"230":{"start":{"line":231,"column":0},"end":{"line":231,"column":19}},"231":{"start":{"line":232,"column":0},"end":{"line":232,"column":12}},"232":{"start":{"line":233,"column":0},"end":{"line":233,"column":4}},"234":{"start":{"line":235,"column":0},"end":{"line":235,"column":10}},"235":{"start":{"line":236,"column":0},"end":{"line":236,"column":42}},"236":{"start":{"line":237,"column":0},"end":{"line":237,"column":13}},"237":{"start":{"line":238,"column":0},"end":{"line":238,"column":21}},"238":{"start":{"line":239,"column":0},"end":{"line":239,"column":97}},"239":{"start":{"line":240,"column":0},"end":{"line":240,"column":55}},"241":{"start":{"line":242,"column":0},"end":{"line":242,"column":24}},"242":{"start":{"line":243,"column":0},"end":{"line":243,"column":22}},"243":{"start":{"line":244,"column":0},"end":{"line":244,"column":52}},"244":{"start":{"line":245,"column":0},"end":{"line":245,"column":21}},"245":{"start":{"line":246,"column":0},"end":{"line":246,"column":51}},"246":{"start":{"line":247,"column":0},"end":{"line":247,"column":18}},"247":{"start":{"line":248,"column":0},"end":{"line":248,"column":24}},"248":{"start":{"line":249,"column":0},"end":{"line":249,"column":25}},"249":{"start":{"line":250,"column":0},"end":{"line":250,"column":39}},"250":{"start":{"line":251,"column":0},"end":{"line":251,"column":76}},"251":{"start":{"line":252,"column":0},"end":{"line":252,"column":14}},"252":{"start":{"line":253,"column":0},"end":{"line":253,"column":81}},"253":{"start":{"line":254,"column":0},"end":{"line":254,"column":22}},"255":{"start":{"line":256,"column":0},"end":{"line":256,"column":21}},"256":{"start":{"line":257,"column":0},"end":{"line":257,"column":62}},"257":{"start":{"line":258,"column":0},"end":{"line":258,"column":21}},"258":{"start":{"line":259,"column":0},"end":{"line":259,"column":30}},"259":{"start":{"line":260,"column":0},"end":{"line":260,"column":45}},"260":{"start":{"line":261,"column":0},"end":{"line":261,"column":87}},"261":{"start":{"line":262,"column":0},"end":{"line":262,"column":14}},"262":{"start":{"line":263,"column":0},"end":{"line":263,"column":93}},"263":{"start":{"line":264,"column":0},"end":{"line":264,"column":22}},"265":{"start":{"line":266,"column":0},"end":{"line":266,"column":21}},"266":{"start":{"line":267,"column":0},"end":{"line":267,"column":51}},"267":{"start":{"line":268,"column":0},"end":{"line":268,"column":19}},"268":{"start":{"line":269,"column":0},"end":{"line":269,"column":22}},"269":{"start":{"line":270,"column":0},"end":{"line":270,"column":37}},"270":{"start":{"line":271,"column":0},"end":{"line":271,"column":76}},"272":{"start":{"line":273,"column":0},"end":{"line":273,"column":40}},"273":{"start":{"line":274,"column":0},"end":{"line":274,"column":46}},"274":{"start":{"line":275,"column":0},"end":{"line":275,"column":23}},"275":{"start":{"line":276,"column":0},"end":{"line":276,"column":25}},"276":{"start":{"line":277,"column":0},"end":{"line":277,"column":17}},"277":{"start":{"line":278,"column":0},"end":{"line":278,"column":21}},"278":{"start":{"line":279,"column":0},"end":{"line":279,"column":77}},"279":{"start":{"line":280,"column":0},"end":{"line":280,"column":22}},"281":{"start":{"line":282,"column":0},"end":{"line":282,"column":21}},"282":{"start":{"line":283,"column":0},"end":{"line":283,"column":58}},"283":{"start":{"line":284,"column":0},"end":{"line":284,"column":18}},"284":{"start":{"line":285,"column":0},"end":{"line":285,"column":27}},"285":{"start":{"line":286,"column":0},"end":{"line":286,"column":25}},"286":{"start":{"line":287,"column":0},"end":{"line":287,"column":42}},"287":{"start":{"line":288,"column":0},"end":{"line":288,"column":81}},"288":{"start":{"line":289,"column":0},"end":{"line":289,"column":14}},"289":{"start":{"line":290,"column":0},"end":{"line":290,"column":87}},"290":{"start":{"line":291,"column":0},"end":{"line":291,"column":22}},"292":{"start":{"line":293,"column":0},"end":{"line":293,"column":21}},"293":{"start":{"line":294,"column":0},"end":{"line":294,"column":67}},"294":{"start":{"line":295,"column":0},"end":{"line":295,"column":18}},"295":{"start":{"line":296,"column":0},"end":{"line":296,"column":26}},"296":{"start":{"line":297,"column":0},"end":{"line":297,"column":25}},"297":{"start":{"line":298,"column":0},"end":{"line":298,"column":41}},"298":{"start":{"line":299,"column":0},"end":{"line":299,"column":92}},"299":{"start":{"line":300,"column":0},"end":{"line":300,"column":14}},"300":{"start":{"line":301,"column":0},"end":{"line":301,"column":85}},"301":{"start":{"line":302,"column":0},"end":{"line":302,"column":22}},"303":{"start":{"line":304,"column":0},"end":{"line":304,"column":23}},"304":{"start":{"line":305,"column":0},"end":{"line":305,"column":72}},"306":{"start":{"line":307,"column":0},"end":{"line":307,"column":21}},"307":{"start":{"line":308,"column":0},"end":{"line":308,"column":52}},"308":{"start":{"line":309,"column":0},"end":{"line":309,"column":55}},"309":{"start":{"line":310,"column":0},"end":{"line":310,"column":21}},"310":{"start":{"line":311,"column":0},"end":{"line":311,"column":24}},"311":{"start":{"line":312,"column":0},"end":{"line":312,"column":15}},"312":{"start":{"line":313,"column":0},"end":{"line":313,"column":14}},"313":{"start":{"line":314,"column":0},"end":{"line":314,"column":14}},"315":{"start":{"line":316,"column":0},"end":{"line":316,"column":1}}},"s":{"0":1,"1":1,"3":1,"5":1,"18":1,"27":1,"34":1,"41":1,"61":1,"67":1,"73":1,"79":1,"81":1,"94":1,"96":1,"112":1,"114":1,"128":1,"133":1,"139":1,"149":1,"150":12,"151":6,"162":6,"168":1,"179":1,"181":1,"182":32,"183":32,"184":32,"185":32,"186":32,"187":32,"188":32,"189":2,"190":2,"191":2,"192":2,"193":2,"194":2,"195":2,"196":30,"197":32,"199":32,"200":12,"201":1,"202":1,"203":1,"204":1,"205":1,"206":1,"207":1,"208":12,"209":2,"210":2,"211":2,"212":2,"213":2,"214":2,"215":2,"216":2,"217":32,"219":32,"220":26,"221":26,"223":6,"224":0,"225":0,"226":0,"227":0,"229":6,"230":0,"231":0,"232":0,"234":6,"235":6,"236":6,"237":6,"238":32,"239":32,"241":32,"242":32,"243":32,"244":32,"245":32,"246":32,"247":32,"248":32,"249":32,"250":32,"251":32,"252":32,"253":32,"255":32,"256":32,"257":32,"258":32,"259":32,"260":32,"261":32,"262":32,"263":32,"265":32,"266":32,"267":32,"268":32,"269":32,"270":32,"272":32,"273":18,"274":18,"275":18,"276":32,"277":32,"278":32,"279":32,"281":32,"282":32,"283":32,"284":32,"285":32,"286":32,"287":32,"288":32,"289":32,"290":32,"292":32,"293":32,"294":32,"295":32,"296":32,"297":32,"298":32,"299":32,"300":32,"301":32,"303":32,"304":32,"306":32,"307":32,"308":32,"309":32,"310":32,"311":32,"312":32,"313":32,"315":32},"branchMap":{"0":{"type":"branch","line":82,"loc":{"start":{"line":82,"column":22},"end":{"line":82,"column":73}},"locations":[{"start":{"line":82,"column":22},"end":{"line":82,"column":73}}]},"1":{"type":"branch","line":82,"loc":{"start":{"line":82,"column":40},"end":{"line":82,"column":63}},"locations":[{"start":{"line":82,"column":40},"end":{"line":82,"column":63}}]},"2":{"type":"branch","line":97,"loc":{"start":{"line":97,"column":22},"end":{"line":97,"column":73}},"locations":[{"start":{"line":97,"column":22},"end":{"line":97,"column":73}}]},"3":{"type":"branch","line":97,"loc":{"start":{"line":97,"column":40},"end":{"line":97,"column":63}},"locations":[{"start":{"line":97,"column":40},"end":{"line":97,"column":63}}]},"4":{"type":"branch","line":115,"loc":{"start":{"line":115,"column":22},"end":{"line":115,"column":73}},"locations":[{"start":{"line":115,"column":22},"end":{"line":115,"column":73}}]},"5":{"type":"branch","line":115,"loc":{"start":{"line":115,"column":40},"end":{"line":115,"column":63}},"locations":[{"start":{"line":115,"column":40},"end":{"line":115,"column":63}}]},"6":{"type":"branch","line":150,"loc":{"start":{"line":150,"column":4},"end":{"line":163,"column":9}},"locations":[{"start":{"line":150,"column":4},"end":{"line":163,"column":9}}]},"7":{"type":"branch","line":151,"loc":{"start":{"line":151,"column":22},"end":{"line":152,"column":9}},"locations":[{"start":{"line":151,"column":22},"end":{"line":152,"column":9}}]},"8":{"type":"branch","line":152,"loc":{"start":{"line":152,"column":8},"end":{"line":163,"column":9}},"locations":[{"start":{"line":152,"column":8},"end":{"line":163,"column":9}}]},"9":{"type":"branch","line":182,"loc":{"start":{"line":182,"column":7},"end":{"line":316,"column":1}},"locations":[{"start":{"line":182,"column":7},"end":{"line":316,"column":1}}]},"10":{"type":"branch","line":189,"loc":{"start":{"line":189,"column":19},"end":{"line":196,"column":9}},"locations":[{"start":{"line":189,"column":19},"end":{"line":196,"column":9}}]},"11":{"type":"branch","line":196,"loc":{"start":{"line":196,"column":8},"end":{"line":197,"column":18}},"locations":[{"start":{"line":196,"column":8},"end":{"line":197,"column":18}}]},"12":{"type":"branch","line":220,"loc":{"start":{"line":220,"column":15},"end":{"line":222,"column":3}},"locations":[{"start":{"line":220,"column":15},"end":{"line":222,"column":3}}]},"13":{"type":"branch","line":222,"loc":{"start":{"line":222,"column":2},"end":{"line":239,"column":67}},"locations":[{"start":{"line":222,"column":2},"end":{"line":239,"column":67}}]},"14":{"type":"branch","line":222,"loc":{"start":{"line":222,"column":2},"end":{"line":239,"column":43}},"locations":[{"start":{"line":222,"column":2},"end":{"line":239,"column":43}}]},"15":{"type":"branch","line":239,"loc":{"start":{"line":239,"column":32},"end":{"line":239,"column":67}},"locations":[{"start":{"line":239,"column":32},"end":{"line":239,"column":67}}]},"16":{"type":"branch","line":239,"loc":{"start":{"line":239,"column":43},"end":{"line":239,"column":84}},"locations":[{"start":{"line":239,"column":43},"end":{"line":239,"column":84}}]},"17":{"type":"branch","line":253,"loc":{"start":{"line":253,"column":20},"end":{"line":253,"column":81}},"locations":[{"start":{"line":253,"column":20},"end":{"line":253,"column":81}}]},"18":{"type":"branch","line":263,"loc":{"start":{"line":263,"column":20},"end":{"line":263,"column":93}},"locations":[{"start":{"line":263,"column":20},"end":{"line":263,"column":93}}]},"19":{"type":"branch","line":279,"loc":{"start":{"line":279,"column":20},"end":{"line":279,"column":77}},"locations":[{"start":{"line":279,"column":20},"end":{"line":279,"column":77}}]},"20":{"type":"branch","line":290,"loc":{"start":{"line":290,"column":20},"end":{"line":290,"column":87}},"locations":[{"start":{"line":290,"column":20},"end":{"line":290,"column":87}}]},"21":{"type":"branch","line":301,"loc":{"start":{"line":301,"column":20},"end":{"line":301,"column":85}},"locations":[{"start":{"line":301,"column":20},"end":{"line":301,"column":85}}]},"22":{"type":"branch","line":309,"loc":{"start":{"line":309,"column":24},"end":{"line":309,"column":45}},"locations":[{"start":{"line":309,"column":24},"end":{"line":309,"column":45}}]},"23":{"type":"branch","line":309,"loc":{"start":{"line":309,"column":35},"end":{"line":309,"column":55}},"locations":[{"start":{"line":309,"column":35},"end":{"line":309,"column":55}}]},"24":{"type":"branch","line":200,"loc":{"start":{"line":200,"column":12},"end":{"line":218,"column":5}},"locations":[{"start":{"line":200,"column":12},"end":{"line":218,"column":5}}]},"25":{"type":"branch","line":201,"loc":{"start":{"line":201,"column":8},"end":{"line":201,"column":24}},"locations":[{"start":{"line":201,"column":8},"end":{"line":201,"column":24}}]},"26":{"type":"branch","line":201,"loc":{"start":{"line":201,"column":24},"end":{"line":209,"column":15}},"locations":[{"start":{"line":201,"column":24},"end":{"line":209,"column":15}}]},"27":{"type":"branch","line":209,"loc":{"start":{"line":209,"column":4},"end":{"line":217,"column":5}},"locations":[{"start":{"line":209,"column":4},"end":{"line":217,"column":5}}]},"28":{"type":"branch","line":209,"loc":{"start":{"line":209,"column":15},"end":{"line":209,"column":32}},"locations":[{"start":{"line":209,"column":15},"end":{"line":209,"column":32}}]},"29":{"type":"branch","line":209,"loc":{"start":{"line":209,"column":32},"end":{"line":217,"column":5}},"locations":[{"start":{"line":209,"column":32},"end":{"line":217,"column":5}}]},"30":{"type":"branch","line":273,"loc":{"start":{"line":273,"column":30},"end":{"line":276,"column":25}},"locations":[{"start":{"line":273,"column":30},"end":{"line":276,"column":25}}]}},"b":{"0":[18],"1":[0],"2":[6],"3":[0],"4":[6],"5":[0],"6":[12],"7":[6],"8":[6],"9":[32],"10":[2],"11":[30],"12":[26],"13":[8],"14":[6],"15":[4],"16":[2],"17":[0],"18":[0],"19":[0],"20":[0],"21":[0],"22":[4],"23":[2],"24":[12],"25":[3],"26":[1],"27":[11],"28":[2],"29":[2],"30":[18]},"fnMap":{"0":{"name":"CardModal","decl":{"start":{"line":182,"column":7},"end":{"line":316,"column":1}},"loc":{"start":{"line":182,"column":7},"end":{"line":316,"column":1}},"line":182},"1":{"name":"handleOverlayClick","decl":{"start":{"line":224,"column":29},"end":{"line":228,"column":4}},"loc":{"start":{"line":224,"column":29},"end":{"line":228,"column":4}},"line":224},"2":{"name":"onFormSubmit","decl":{"start":{"line":230,"column":23},"end":{"line":233,"column":4}},"loc":{"start":{"line":230,"column":23},"end":{"line":233,"column":4}},"line":230}},"f":{"0":32,"1":0,"2":0}}
,"C:\\Users\\asime\\source\\personal\\frontend-test\\src\\components\\CardSkeleton\\CardSkeleton.tsx": {"path":"C:\\Users\\asime\\source\\personal\\frontend-test\\src\\components\\CardSkeleton\\CardSkeleton.tsx","all":false,"statementMap":{"0":{"start":{"line":1,"column":0},"end":{"line":1,"column":37}},"1":{"start":{"line":2,"column":0},"end":{"line":2,"column":43}},"3":{"start":{"line":4,"column":0},"end":{"line":4,"column":26}},"12":{"start":{"line":13,"column":0},"end":{"line":13,"column":35}},"20":{"start":{"line":21,"column":0},"end":{"line":21,"column":72}},"23":{"start":{"line":24,"column":0},"end":{"line":24,"column":43}},"25":{"start":{"line":26,"column":0},"end":{"line":26,"column":45}},"26":{"start":{"line":27,"column":0},"end":{"line":27,"column":47}},"30":{"start":{"line":31,"column":0},"end":{"line":31,"column":31}},"36":{"start":{"line":37,"column":0},"end":{"line":37,"column":32}},"37":{"start":{"line":38,"column":0},"end":{"line":38,"column":10}},"38":{"start":{"line":39,"column":0},"end":{"line":39,"column":21}},"39":{"start":{"line":40,"column":0},"end":{"line":40,"column":51}},"40":{"start":{"line":41,"column":0},"end":{"line":41,"column":52}},"41":{"start":{"line":42,"column":0},"end":{"line":42,"column":52}},"42":{"start":{"line":43,"column":0},"end":{"line":43,"column":19}},"43":{"start":{"line":44,"column":0},"end":{"line":44,"column":54}},"44":{"start":{"line":45,"column":0},"end":{"line":45,"column":55}},"45":{"start":{"line":46,"column":0},"end":{"line":46,"column":20}},"46":{"start":{"line":47,"column":0},"end":{"line":47,"column":52}},"47":{"start":{"line":48,"column":0},"end":{"line":48,"column":22}},"49":{"start":{"line":50,"column":0},"end":{"line":50,"column":1}}},"s":{"0":1,"1":1,"3":1,"12":1,"20":1,"23":1,"25":1,"26":1,"30":1,"36":1,"37":75,"38":75,"39":75,"40":75,"41":75,"42":75,"43":75,"44":75,"45":75,"46":75,"47":75,"49":75},"branchMap":{"0":{"type":"branch","line":26,"loc":{"start":{"line":26,"column":11},"end":{"line":26,"column":43}},"locations":[{"start":{"line":26,"column":11},"end":{"line":26,"column":43}}]},"1":{"type":"branch","line":26,"loc":{"start":{"line":26,"column":28},"end":{"line":26,"column":43}},"locations":[{"start":{"line":26,"column":28},"end":{"line":26,"column":43}}]},"2":{"type":"branch","line":27,"loc":{"start":{"line":27,"column":12},"end":{"line":27,"column":45}},"locations":[{"start":{"line":27,"column":12},"end":{"line":27,"column":45}}]},"3":{"type":"branch","line":27,"loc":{"start":{"line":27,"column":29},"end":{"line":27,"column":45}},"locations":[{"start":{"line":27,"column":29},"end":{"line":27,"column":45}}]},"4":{"type":"branch","line":37,"loc":{"start":{"line":37,"column":7},"end":{"line":50,"column":1}},"locations":[{"start":{"line":37,"column":7},"end":{"line":50,"column":1}}]}},"b":{"0":[450],"1":[0],"2":[450],"3":[0],"4":[75]},"fnMap":{"0":{"name":"CardSkeleton","decl":{"start":{"line":37,"column":7},"end":{"line":50,"column":1}},"loc":{"start":{"line":37,"column":7},"end":{"line":50,"column":1}},"line":37}},"f":{"0":75}}
,"C:\\Users\\asime\\source\\personal\\frontend-test\\src\\components\\Column\\Column.tsx": {"path":"C:\\Users\\asime\\source\\personal\\frontend-test\\src\\components\\Column\\Column.tsx","all":false,"statementMap":{"0":{"start":{"line":1,"column":0},"end":{"line":1,"column":37}},"1":{"start":{"line":2,"column":0},"end":{"line":2,"column":45}},"2":{"start":{"line":3,"column":0},"end":{"line":3,"column":81}},"4":{"start":{"line":5,"column":0},"end":{"line":5,"column":36}},"5":{"start":{"line":6,"column":0},"end":{"line":6,"column":60}},"7":{"start":{"line":8,"column":0},"end":{"line":8,"column":33}},"17":{"start":{"line":18,"column":0},"end":{"line":18,"column":32}},"21":{"start":{"line":22,"column":0},"end":{"line":22,"column":30}},"31":{"start":{"line":32,"column":0},"end":{"line":32,"column":30}},"39":{"start":{"line":40,"column":0},"end":{"line":40,"column":56}},"42":{"start":{"line":43,"column":0},"end":{"line":43,"column":78}},"47":{"start":{"line":48,"column":0},"end":{"line":48,"column":30}},"68":{"start":{"line":69,"column":0},"end":{"line":69,"column":24}},"69":{"start":{"line":70,"column":0},"end":{"line":70,"column":5}},"70":{"start":{"line":71,"column":0},"end":{"line":71,"column":8}},"71":{"start":{"line":72,"column":0},"end":{"line":72,"column":8}},"72":{"start":{"line":73,"column":0},"end":{"line":73,"column":18}},"73":{"start":{"line":74,"column":0},"end":{"line":74,"column":18}},"74":{"start":{"line":75,"column":0},"end":{"line":75,"column":15}},"75":{"start":{"line":76,"column":0},"end":{"line":76,"column":13}},"76":{"start":{"line":77,"column":0},"end":{"line":77,"column":15}},"77":{"start":{"line":78,"column":0},"end":{"line":78,"column":17}},"78":{"start":{"line":79,"column":0},"end":{"line":79,"column":47}},"79":{"start":{"line":80,"column":0},"end":{"line":80,"column":7}},"80":{"start":{"line":81,"column":0},"end":{"line":81,"column":5}},"82":{"start":{"line":83,"column":0},"end":{"line":83,"column":10}},"83":{"start":{"line":84,"column":0},"end":{"line":84,"column":19}},"84":{"start":{"line":85,"column":0},"end":{"line":85,"column":20}},"85":{"start":{"line":86,"column":0},"end":{"line":86,"column":21}},"86":{"start":{"line":87,"column":0},"end":{"line":87,"column":17}},"87":{"start":{"line":88,"column":0},"end":{"line":88,"column":47}},"88":{"start":{"line":89,"column":0},"end":{"line":89,"column":22}},"89":{"start":{"line":90,"column":0},"end":{"line":90,"column":21}},"90":{"start":{"line":91,"column":0},"end":{"line":91,"column":55}},"91":{"start":{"line":92,"column":0},"end":{"line":92,"column":20}},"92":{"start":{"line":93,"column":0},"end":{"line":93,"column":12}},"93":{"start":{"line":94,"column":0},"end":{"line":94,"column":28}},"94":{"start":{"line":95,"column":0},"end":{"line":95,"column":28}},"95":{"start":{"line":96,"column":0},"end":{"line":96,"column":28}},"96":{"start":{"line":97,"column":0},"end":{"line":97,"column":13}},"97":{"start":{"line":98,"column":0},"end":{"line":98,"column":34}},"98":{"start":{"line":99,"column":0},"end":{"line":99,"column":54}},"100":{"start":{"line":101,"column":0},"end":{"line":101,"column":97}},"101":{"start":{"line":102,"column":0},"end":{"line":102,"column":34}},"102":{"start":{"line":103,"column":0},"end":{"line":103,"column":19}},"103":{"start":{"line":104,"column":0},"end":{"line":104,"column":29}},"104":{"start":{"line":105,"column":0},"end":{"line":105,"column":27}},"105":{"start":{"line":106,"column":0},"end":{"line":106,"column":62}},"106":{"start":{"line":107,"column":0},"end":{"line":107,"column":39}},"107":{"start":{"line":108,"column":0},"end":{"line":108,"column":35}},"108":{"start":{"line":109,"column":0},"end":{"line":109,"column":39}},"109":{"start":{"line":110,"column":0},"end":{"line":110,"column":16}},"110":{"start":{"line":111,"column":0},"end":{"line":111,"column":15}},"111":{"start":{"line":112,"column":0},"end":{"line":112,"column":28}},"113":{"start":{"line":114,"column":0},"end":{"line":114,"column":23}},"114":{"start":{"line":115,"column":0},"end":{"line":115,"column":20}},"116":{"start":{"line":117,"column":0},"end":{"line":117,"column":1}}},"s":{"0":1,"1":1,"2":1,"4":1,"5":1,"7":1,"17":1,"21":1,"31":1,"39":1,"42":1,"47":1,"68":1,"69":54,"70":54,"71":54,"72":54,"73":54,"74":54,"75":54,"76":54,"77":54,"78":54,"79":54,"80":54,"82":54,"83":54,"84":54,"85":54,"86":54,"87":54,"88":54,"89":54,"90":54,"91":54,"92":25,"93":25,"94":25,"95":25,"96":25,"97":29,"98":28,"100":1,"101":1,"102":1,"103":1,"104":1,"105":1,"106":1,"107":1,"108":1,"109":1,"110":1,"111":1,"113":54,"114":54,"116":54},"branchMap":{"0":{"type":"branch","line":43,"loc":{"start":{"line":43,"column":23},"end":{"line":43,"column":76}},"locations":[{"start":{"line":43,"column":23},"end":{"line":43,"column":76}}]},"1":{"type":"branch","line":43,"loc":{"start":{"line":43,"column":41},"end":{"line":43,"column":62}},"locations":[{"start":{"line":43,"column":41},"end":{"line":43,"column":62}}]},"2":{"type":"branch","line":69,"loc":{"start":{"line":69,"column":7},"end":{"line":117,"column":1}},"locations":[{"start":{"line":69,"column":7},"end":{"line":117,"column":1}}]},"3":{"type":"branch","line":92,"loc":{"start":{"line":92,"column":9},"end":{"line":97,"column":13}},"locations":[{"start":{"line":92,"column":9},"end":{"line":97,"column":13}}]},"4":{"type":"branch","line":97,"loc":{"start":{"line":97,"column":10},"end":{"line":112,"column":28}},"locations":[{"start":{"line":97,"column":10},"end":{"line":112,"column":28}}]},"5":{"type":"branch","line":98,"loc":{"start":{"line":98,"column":29},"end":{"line":99,"column":54}},"locations":[{"start":{"line":98,"column":29},"end":{"line":99,"column":54}}]},"6":{"type":"branch","line":99,"loc":{"start":{"line":99,"column":41},"end":{"line":112,"column":28}},"locations":[{"start":{"line":99,"column":41},"end":{"line":112,"column":28}}]},"7":{"type":"branch","line":101,"loc":{"start":{"line":101,"column":44},"end":{"line":101,"column":55}},"locations":[{"start":{"line":101,"column":44},"end":{"line":101,"column":55}}]},"8":{"type":"branch","line":102,"loc":{"start":{"line":102,"column":23},"end":{"line":110,"column":16}},"locations":[{"start":{"line":102,"column":23},"end":{"line":110,"column":16}}]}},"b":{"0":[54],"1":[0],"2":[54],"3":[25],"4":[29],"5":[28],"6":[1],"7":[1],"8":[1]},"fnMap":{"0":{"name":"Column","decl":{"start":{"line":69,"column":7},"end":{"line":117,"column":1}},"loc":{"start":{"line":69,"column":7},"end":{"line":117,"column":1}},"line":69}},"f":{"0":54}}
,"C:\\Users\\asime\\source\\personal\\frontend-test\\src\\components\\ConfirmModal\\ConfirmModal.tsx": {"path":"C:\\Users\\asime\\source\\personal\\frontend-test\\src\\components\\ConfirmModal\\ConfirmModal.tsx","all":false,"statementMap":{"0":{"start":{"line":1,"column":0},"end":{"line":1,"column":37}},"2":{"start":{"line":3,"column":0},"end":{"line":3,"column":27}},"15":{"start":{"line":16,"column":0},"end":{"line":16,"column":25}},"24":{"start":{"line":25,"column":0},"end":{"line":25,"column":29}},"31":{"start":{"line":32,"column":0},"end":{"line":32,"column":30}},"38":{"start":{"line":39,"column":0},"end":{"line":39,"column":31}},"43":{"start":{"line":44,"column":0},"end":{"line":44,"column":67}},"53":{"start":{"line":54,"column":0},"end":{"line":54,"column":14}},"54":{"start":{"line":55,"column":0},"end":{"line":55,"column":30}},"55":{"start":{"line":56,"column":0},"end":{"line":56,"column":9}},"62":{"start":{"line":63,"column":0},"end":{"line":63,"column":9}},"68":{"start":{"line":69,"column":0},"end":{"line":69,"column":4}},"79":{"start":{"line":80,"column":0},"end":{"line":80,"column":98}},"80":{"start":{"line":81,"column":0},"end":{"line":81,"column":16}},"81":{"start":{"line":82,"column":0},"end":{"line":82,"column":16}},"82":{"start":{"line":83,"column":0},"end":{"line":83,"column":3}},"84":{"start":{"line":85,"column":0},"end":{"line":85,"column":55}},"85":{"start":{"line":86,"column":0},"end":{"line":86,"column":39}},"86":{"start":{"line":87,"column":0},"end":{"line":87,"column":17}},"87":{"start":{"line":88,"column":0},"end":{"line":88,"column":5}},"88":{"start":{"line":89,"column":0},"end":{"line":89,"column":4}},"90":{"start":{"line":91,"column":0},"end":{"line":91,"column":10}},"91":{"start":{"line":92,"column":0},"end":{"line":92,"column":42}},"92":{"start":{"line":93,"column":0},"end":{"line":93,"column":13}},"93":{"start":{"line":94,"column":0},"end":{"line":94,"column":40}},"94":{"start":{"line":95,"column":0},"end":{"line":95,"column":46}},"95":{"start":{"line":96,"column":0},"end":{"line":96,"column":21}},"96":{"start":{"line":97,"column":0},"end":{"line":97,"column":57}},"98":{"start":{"line":99,"column":0},"end":{"line":99,"column":19}},"99":{"start":{"line":100,"column":0},"end":{"line":100,"column":55}},"101":{"start":{"line":102,"column":0},"end":{"line":102,"column":19}},"102":{"start":{"line":103,"column":0},"end":{"line":103,"column":22}},"103":{"start":{"line":104,"column":0},"end":{"line":104,"column":14}},"104":{"start":{"line":105,"column":0},"end":{"line":105,"column":14}},"106":{"start":{"line":107,"column":0},"end":{"line":107,"column":1}}},"s":{"0":1,"2":1,"15":1,"24":1,"31":1,"38":1,"43":1,"53":1,"54":14,"55":7,"62":7,"68":1,"79":1,"80":25,"81":18,"82":18,"84":7,"85":4,"86":1,"87":1,"88":4,"90":7,"91":7,"92":7,"93":7,"94":7,"95":7,"96":7,"98":7,"99":7,"101":7,"102":7,"103":7,"104":7,"106":7},"branchMap":{"0":{"type":"branch","line":54,"loc":{"start":{"line":54,"column":4},"end":{"line":63,"column":9}},"locations":[{"start":{"line":54,"column":4},"end":{"line":63,"column":9}}]},"1":{"type":"branch","line":55,"loc":{"start":{"line":55,"column":22},"end":{"line":56,"column":9}},"locations":[{"start":{"line":55,"column":22},"end":{"line":56,"column":9}}]},"2":{"type":"branch","line":56,"loc":{"start":{"line":56,"column":8},"end":{"line":63,"column":9}},"locations":[{"start":{"line":56,"column":8},"end":{"line":63,"column":9}}]},"3":{"type":"branch","line":80,"loc":{"start":{"line":80,"column":7},"end":{"line":107,"column":1}},"locations":[{"start":{"line":80,"column":7},"end":{"line":107,"column":1}}]},"4":{"type":"branch","line":81,"loc":{"start":{"line":81,"column":15},"end":{"line":83,"column":3}},"locations":[{"start":{"line":81,"column":15},"end":{"line":83,"column":3}}]},"5":{"type":"branch","line":83,"loc":{"start":{"line":83,"column":2},"end":{"line":107,"column":1}},"locations":[{"start":{"line":83,"column":2},"end":{"line":107,"column":1}}]},"6":{"type":"branch","line":85,"loc":{"start":{"line":85,"column":29},"end":{"line":89,"column":4}},"locations":[{"start":{"line":85,"column":29},"end":{"line":89,"column":4}}]},"7":{"type":"branch","line":86,"loc":{"start":{"line":86,"column":38},"end":{"line":88,"column":5}},"locations":[{"start":{"line":86,"column":38},"end":{"line":88,"column":5}}]}},"b":{"0":[14],"1":[7],"2":[7],"3":[25],"4":[18],"5":[7],"6":[4],"7":[1]},"fnMap":{"0":{"name":"ConfirmModal","decl":{"start":{"line":80,"column":7},"end":{"line":107,"column":1}},"loc":{"start":{"line":80,"column":7},"end":{"line":107,"column":1}},"line":80},"1":{"name":"handleOverlayClick","decl":{"start":{"line":85,"column":29},"end":{"line":89,"column":4}},"loc":{"start":{"line":85,"column":29},"end":{"line":89,"column":4}},"line":85}},"f":{"0":25,"1":4}}
,"C:\\Users\\asime\\source\\personal\\frontend-test\\src\\components\\SearchBar\\SearchBar.tsx": {"path":"C:\\Users\\asime\\source\\personal\\frontend-test\\src\\components\\SearchBar\\SearchBar.tsx","all":false,"statementMap":{"0":{"start":{"line":1,"column":0},"end":{"line":1,"column":37}},"2":{"start":{"line":3,"column":0},"end":{"line":3,"column":33}},"8":{"start":{"line":9,"column":0},"end":{"line":9,"column":33}},"28":{"start":{"line":29,"column":0},"end":{"line":29,"column":34}},"57":{"start":{"line":58,"column":0},"end":{"line":58,"column":123}},"58":{"start":{"line":59,"column":0},"end":{"line":59,"column":29}},"59":{"start":{"line":60,"column":0},"end":{"line":60,"column":17}},"60":{"start":{"line":61,"column":0},"end":{"line":61,"column":4}},"62":{"start":{"line":63,"column":0},"end":{"line":63,"column":10}},"63":{"start":{"line":64,"column":0},"end":{"line":64,"column":19}},"64":{"start":{"line":65,"column":0},"end":{"line":65,"column":18}},"65":{"start":{"line":66,"column":0},"end":{"line":66,"column":19}},"66":{"start":{"line":67,"column":0},"end":{"line":67,"column":21}},"67":{"start":{"line":68,"column":0},"end":{"line":68,"column":50}},"68":{"start":{"line":69,"column":0},"end":{"line":69,"column":33}},"69":{"start":{"line":70,"column":0},"end":{"line":70,"column":36}},"70":{"start":{"line":71,"column":0},"end":{"line":71,"column":8}},"71":{"start":{"line":72,"column":0},"end":{"line":72,"column":17}},"72":{"start":{"line":73,"column":0},"end":{"line":73,"column":69}},"74":{"start":{"line":75,"column":0},"end":{"line":75,"column":22}},"76":{"start":{"line":77,"column":0},"end":{"line":77,"column":20}},"78":{"start":{"line":79,"column":0},"end":{"line":79,"column":1}}},"s":{"0":1,"2":1,"8":1,"28":1,"57":1,"58":20,"59":0,"60":0,"62":20,"63":20,"64":20,"65":20,"66":20,"67":20,"68":20,"69":20,"70":20,"71":20,"72":1,"74":1,"76":20,"78":20},"branchMap":{"0":{"type":"branch","line":58,"loc":{"start":{"line":58,"column":7},"end":{"line":79,"column":1}},"locations":[{"start":{"line":58,"column":7},"end":{"line":79,"column":1}}]},"1":{"type":"branch","line":72,"loc":{"start":{"line":72,"column":7},"end":{"line":75,"column":22}},"locations":[{"start":{"line":72,"column":7},"end":{"line":75,"column":22}}]},"2":{"type":"branch","line":68,"loc":{"start":{"line":68,"column":18},"end":{"line":68,"column":50}},"locations":[{"start":{"line":68,"column":18},"end":{"line":68,"column":50}}]}},"b":{"0":[20],"1":[1],"2":[4]},"fnMap":{"0":{"name":"SearchBar","decl":{"start":{"line":58,"column":7},"end":{"line":79,"column":1}},"loc":{"start":{"line":58,"column":7},"end":{"line":79,"column":1}},"line":58},"1":{"name":"handleClear","decl":{"start":{"line":59,"column":22},"end":{"line":61,"column":4}},"loc":{"start":{"line":59,"column":22},"end":{"line":61,"column":4}},"line":59},"2":{"name":"onChange","decl":{"start":{"line":68,"column":18},"end":{"line":68,"column":50}},"loc":{"start":{"line":68,"column":18},"end":{"line":68,"column":50}},"line":68}},"f":{"0":20,"1":0,"2":4}}
,"C:\\Users\\asime\\source\\personal\\frontend-test\\src\\hooks\\useCards.ts": {"path":"C:\\Users\\asime\\source\\personal\\frontend-test\\src\\hooks\\useCards.ts","all":false,"statementMap":{"0":{"start":{"line":1,"column":0},"end":{"line":1,"column":44}},"1":{"start":{"line":2,"column":0},"end":{"line":2,"column":36}},"3":{"start":{"line":4,"column":0},"end":{"line":4,"column":56}},"5":{"start":{"line":6,"column":0},"end":{"line":6,"column":28}},"6":{"start":{"line":7,"column":0},"end":{"line":7,"column":49}},"7":{"start":{"line":8,"column":0},"end":{"line":8,"column":47}},"9":{"start":{"line":10,"column":0},"end":{"line":10,"column":19}},"10":{"start":{"line":11,"column":0},"end":{"line":11,"column":41}},"11":{"start":{"line":12,"column":0},"end":{"line":12,"column":44}},"12":{"start":{"line":13,"column":0},"end":{"line":13,"column":60}},"13":{"start":{"line":14,"column":0},"end":{"line":14,"column":28}},"14":{"start":{"line":15,"column":0},"end":{"line":15,"column":24}},"15":{"start":{"line":16,"column":0},"end":{"line":16,"column":6}},"17":{"start":{"line":18,"column":0},"end":{"line":18,"column":22}},"18":{"start":{"line":19,"column":0},"end":{"line":19,"column":9}},"20":{"start":{"line":21,"column":0},"end":{"line":21,"column":19}},"21":{"start":{"line":22,"column":0},"end":{"line":22,"column":19}},"22":{"start":{"line":23,"column":0},"end":{"line":23,"column":23}},"23":{"start":{"line":24,"column":0},"end":{"line":24,"column":56}},"24":{"start":{"line":25,"column":0},"end":{"line":25,"column":5}},"25":{"start":{"line":26,"column":0},"end":{"line":26,"column":23}},"27":{"start":{"line":28,"column":0},"end":{"line":28,"column":50}},"28":{"start":{"line":29,"column":0},"end":{"line":29,"column":71}},"29":{"start":{"line":30,"column":0},"end":{"line":30,"column":92}},"31":{"start":{"line":32,"column":0},"end":{"line":32,"column":27}},"32":{"start":{"line":33,"column":0},"end":{"line":33,"column":19}},"33":{"start":{"line":34,"column":0},"end":{"line":34,"column":18}},"34":{"start":{"line":35,"column":0},"end":{"line":35,"column":23}},"35":{"start":{"line":36,"column":0},"end":{"line":36,"column":26}},"36":{"start":{"line":37,"column":0},"end":{"line":37,"column":6}},"38":{"start":{"line":39,"column":0},"end":{"line":39,"column":51}},"39":{"start":{"line":40,"column":0},"end":{"line":40,"column":43}},"40":{"start":{"line":41,"column":0},"end":{"line":41,"column":4}},"42":{"start":{"line":43,"column":0},"end":{"line":43,"column":62}},"43":{"start":{"line":44,"column":0},"end":{"line":44,"column":22}},"44":{"start":{"line":45,"column":0},"end":{"line":45,"column":76}},"45":{"start":{"line":46,"column":0},"end":{"line":46,"column":6}},"46":{"start":{"line":47,"column":0},"end":{"line":47,"column":4}},"48":{"start":{"line":49,"column":0},"end":{"line":49,"column":38}},"49":{"start":{"line":50,"column":0},"end":{"line":50,"column":62}},"50":{"start":{"line":51,"column":0},"end":{"line":51,"column":4}},"52":{"start":{"line":53,"column":0},"end":{"line":53,"column":70}},"53":{"start":{"line":54,"column":0},"end":{"line":54,"column":24}},"54":{"start":{"line":55,"column":0},"end":{"line":55,"column":75}},"55":{"start":{"line":56,"column":0},"end":{"line":56,"column":75}},"57":{"start":{"line":58,"column":0},"end":{"line":58,"column":94}},"58":{"start":{"line":59,"column":0},"end":{"line":59,"column":22}},"59":{"start":{"line":60,"column":0},"end":{"line":60,"column":95}},"61":{"start":{"line":62,"column":0},"end":{"line":62,"column":67}},"62":{"start":{"line":63,"column":0},"end":{"line":63,"column":16}},"63":{"start":{"line":64,"column":0},"end":{"line":64,"column":33}},"64":{"start":{"line":65,"column":0},"end":{"line":65,"column":36}},"65":{"start":{"line":66,"column":0},"end":{"line":66,"column":10}},"67":{"start":{"line":68,"column":0},"end":{"line":68,"column":51}},"68":{"start":{"line":69,"column":0},"end":{"line":69,"column":7}},"69":{"start":{"line":70,"column":0},"end":{"line":70,"column":4}},"71":{"start":{"line":72,"column":0},"end":{"line":72,"column":60}},"72":{"start":{"line":73,"column":0},"end":{"line":73,"column":16}},"73":{"start":{"line":74,"column":0},"end":{"line":74,"column":51}},"74":{"start":{"line":75,"column":0},"end":{"line":75,"column":41}},"75":{"start":{"line":76,"column":0},"end":{"line":76,"column":4}},"77":{"start":{"line":78,"column":0},"end":{"line":78,"column":10}},"78":{"start":{"line":79,"column":0},"end":{"line":79,"column":10}},"79":{"start":{"line":80,"column":0},"end":{"line":80,"column":12}},"80":{"start":{"line":81,"column":0},"end":{"line":81,"column":15}},"81":{"start":{"line":82,"column":0},"end":{"line":82,"column":15}},"82":{"start":{"line":83,"column":0},"end":{"line":83,"column":15}},"83":{"start":{"line":84,"column":0},"end":{"line":84,"column":14}},"84":{"start":{"line":85,"column":0},"end":{"line":85,"column":21}},"85":{"start":{"line":86,"column":0},"end":{"line":86,"column":4}},"86":{"start":{"line":87,"column":0},"end":{"line":87,"column":1}}},"s":{"0":1,"1":1,"3":1,"5":1,"6":25,"7":25,"9":25,"10":11,"11":11,"12":11,"13":11,"14":11,"15":11,"17":11,"18":25,"20":25,"21":24,"22":13,"23":13,"24":13,"25":25,"27":25,"28":1,"29":1,"31":1,"32":1,"33":1,"34":1,"35":1,"36":1,"38":1,"39":1,"40":1,"42":25,"43":0,"44":0,"45":0,"46":0,"48":25,"49":1,"50":1,"52":25,"53":0,"54":0,"55":0,"57":0,"58":0,"59":0,"61":0,"62":0,"63":0,"64":0,"65":0,"67":0,"68":0,"69":0,"71":25,"72":51,"73":51,"74":51,"75":51,"77":25,"78":25,"79":25,"80":25,"81":25,"82":25,"83":25,"84":25,"85":25,"86":25},"branchMap":{"0":{"type":"branch","line":6,"loc":{"start":{"line":6,"column":7},"end":{"line":87,"column":1}},"locations":[{"start":{"line":6,"column":7},"end":{"line":87,"column":1}}]},"1":{"type":"branch","line":10,"loc":{"start":{"line":10,"column":12},"end":{"line":19,"column":5}},"locations":[{"start":{"line":10,"column":12},"end":{"line":19,"column":5}}]},"2":{"type":"branch","line":11,"loc":{"start":{"line":11,"column":28},"end":{"line":16,"column":6}},"locations":[{"start":{"line":11,"column":28},"end":{"line":16,"column":6}}]},"3":{"type":"branch","line":21,"loc":{"start":{"line":21,"column":12},"end":{"line":26,"column":5}},"locations":[{"start":{"line":21,"column":12},"end":{"line":26,"column":5}}]},"4":{"type":"branch","line":22,"loc":{"start":{"line":22,"column":18},"end":{"line":25,"column":5}},"locations":[{"start":{"line":22,"column":18},"end":{"line":25,"column":5}}]},"5":{"type":"branch","line":28,"loc":{"start":{"line":28,"column":21},"end":{"line":41,"column":4}},"locations":[{"start":{"line":28,"column":21},"end":{"line":41,"column":4}}]},"6":{"type":"branch","line":30,"loc":{"start":{"line":30,"column":40},"end":{"line":30,"column":89}},"locations":[{"start":{"line":30,"column":40},"end":{"line":30,"column":89}}]},"7":{"type":"branch","line":40,"loc":{"start":{"line":40,"column":13},"end":{"line":40,"column":41}},"locations":[{"start":{"line":40,"column":13},"end":{"line":40,"column":41}}]},"8":{"type":"branch","line":49,"loc":{"start":{"line":49,"column":21},"end":{"line":51,"column":4}},"locations":[{"start":{"line":49,"column":21},"end":{"line":51,"column":4}}]},"9":{"type":"branch","line":50,"loc":{"start":{"line":50,"column":13},"end":{"line":50,"column":60}},"locations":[{"start":{"line":50,"column":13},"end":{"line":50,"column":60}}]},"10":{"type":"branch","line":50,"loc":{"start":{"line":50,"column":35},"end":{"line":50,"column":59}},"locations":[{"start":{"line":50,"column":35},"end":{"line":50,"column":59}}]},"11":{"type":"branch","line":72,"loc":{"start":{"line":72,"column":27},"end":{"line":76,"column":4}},"locations":[{"start":{"line":72,"column":27},"end":{"line":76,"column":4}}]},"12":{"type":"branch","line":74,"loc":{"start":{"line":74,"column":14},"end":{"line":74,"column":50}},"locations":[{"start":{"line":74,"column":14},"end":{"line":74,"column":50}}]}},"b":{"0":[25],"1":[11],"2":[11],"3":[24],"4":[13],"5":[1],"6":[0],"7":[1],"8":[1],"9":[1],"10":[1],"11":[51],"12":[3]},"fnMap":{"0":{"name":"useCards","decl":{"start":{"line":6,"column":7},"end":{"line":87,"column":1}},"loc":{"start":{"line":6,"column":7},"end":{"line":87,"column":1}},"line":6},"1":{"name":"initializeCards","decl":{"start":{"line":11,"column":28},"end":{"line":16,"column":6}},"loc":{"start":{"line":11,"column":28},"end":{"line":16,"column":6}},"line":11},"2":{"name":"createCard","decl":{"start":{"line":28,"column":21},"end":{"line":41,"column":4}},"loc":{"start":{"line":28,"column":21},"end":{"line":41,"column":4}},"line":28},"3":{"name":"updateCard","decl":{"start":{"line":43,"column":21},"end":{"line":47,"column":4}},"loc":{"start":{"line":43,"column":21},"end":{"line":47,"column":4}},"line":43},"4":{"name":"deleteCard","decl":{"start":{"line":49,"column":21},"end":{"line":51,"column":4}},"loc":{"start":{"line":49,"column":21},"end":{"line":51,"column":4}},"line":49},"5":{"name":"moveCards","decl":{"start":{"line":53,"column":20},"end":{"line":70,"column":4}},"loc":{"start":{"line":53,"column":20},"end":{"line":70,"column":4}},"line":53},"6":{"name":"getCardsByColumn","decl":{"start":{"line":72,"column":27},"end":{"line":76,"column":4}},"loc":{"start":{"line":72,"column":27},"end":{"line":76,"column":4}},"line":72}},"f":{"0":25,"1":11,"2":1,"3":0,"4":1,"5":0,"6":51}}
,"C:\\Users\\asime\\source\\personal\\frontend-test\\src\\utils\\filters.ts": {"path":"C:\\Users\\asime\\source\\personal\\frontend-test\\src\\utils\\filters.ts","all":false,"statementMap":{"2":{"start":{"line":3,"column":0},"end":{"line":3,"column":70}},"3":{"start":{"line":4,"column":0},"end":{"line":4,"column":38}},"4":{"start":{"line":5,"column":0},"end":{"line":5,"column":17}},"5":{"start":{"line":6,"column":0},"end":{"line":6,"column":3}},"7":{"start":{"line":8,"column":0},"end":{"line":8,"column":48}},"9":{"start":{"line":10,"column":0},"end":{"line":10,"column":33}},"10":{"start":{"line":11,"column":0},"end":{"line":11,"column":69}},"11":{"start":{"line":12,"column":0},"end":{"line":12,"column":75}},"12":{"start":{"line":13,"column":0},"end":{"line":13,"column":65}},"14":{"start":{"line":15,"column":0},"end":{"line":15,"column":51}},"15":{"start":{"line":16,"column":0},"end":{"line":16,"column":5}},"16":{"start":{"line":17,"column":0},"end":{"line":17,"column":2}}},"s":{"2":1,"3":20,"4":18,"5":18,"7":2,"9":2,"10":4,"11":4,"12":4,"14":4,"15":2,"16":2},"branchMap":{"0":{"type":"branch","line":3,"loc":{"start":{"line":3,"column":27},"end":{"line":17,"column":2}},"locations":[{"start":{"line":3,"column":27},"end":{"line":17,"column":2}}]},"1":{"type":"branch","line":4,"loc":{"start":{"line":4,"column":7},"end":{"line":4,"column":37}},"locations":[{"start":{"line":4,"column":7},"end":{"line":4,"column":37}}]},"2":{"type":"branch","line":4,"loc":{"start":{"line":4,"column":37},"end":{"line":6,"column":3}},"locations":[{"start":{"line":4,"column":37},"end":{"line":6,"column":3}}]},"3":{"type":"branch","line":6,"loc":{"start":{"line":6,"column":2},"end":{"line":17,"column":2}},"locations":[{"start":{"line":6,"column":2},"end":{"line":17,"column":2}}]},"4":{"type":"branch","line":10,"loc":{"start":{"line":10,"column":22},"end":{"line":16,"column":3}},"locations":[{"start":{"line":10,"column":22},"end":{"line":16,"column":3}}]},"5":{"type":"branch","line":15,"loc":{"start":{"line":15,"column":11},"end":{"line":15,"column":42}},"locations":[{"start":{"line":15,"column":11},"end":{"line":15,"column":42}}]},"6":{"type":"branch","line":15,"loc":{"start":{"line":15,"column":25},"end":{"line":15,"column":51}},"locations":[{"start":{"line":15,"column":25},"end":{"line":15,"column":51}}]}},"b":{"0":[20],"1":[2],"2":[18],"3":[2],"4":[4],"5":[3],"6":[2]},"fnMap":{"0":{"name":"filterCards","decl":{"start":{"line":3,"column":27},"end":{"line":17,"column":2}},"loc":{"start":{"line":3,"column":27},"end":{"line":17,"column":2}},"line":3}},"f":{"0":20}}
,"C:\\Users\\asime\\source\\personal\\frontend-test\\src\\utils\\storage.ts": {"path":"C:\\Users\\asime\\source\\personal\\frontend-test\\src\\utils\\storage.ts","all":false,"statementMap":{"2":{"start":{"line":3,"column":0},"end":{"line":3,"column":35}},"3":{"start":{"line":4,"column":0},"end":{"line":4,"column":27}},"5":{"start":{"line":6,"column":0},"end":{"line":6,"column":77}},"6":{"start":{"line":7,"column":0},"end":{"line":7,"column":59}},"7":{"start":{"line":8,"column":0},"end":{"line":8,"column":2}},"9":{"start":{"line":10,"column":0},"end":{"line":10,"column":55}},"10":{"start":{"line":11,"column":0},"end":{"line":11,"column":24}},"12":{"start":{"line":13,"column":0},"end":{"line":13,"column":7}},"13":{"start":{"line":14,"column":0},"end":{"line":14,"column":51}},"14":{"start":{"line":15,"column":0},"end":{"line":15,"column":16}},"15":{"start":{"line":16,"column":0},"end":{"line":16,"column":16}},"16":{"start":{"line":17,"column":0},"end":{"line":17,"column":5}},"17":{"start":{"line":18,"column":0},"end":{"line":18,"column":38}},"18":{"start":{"line":19,"column":0},"end":{"line":19,"column":19}},"19":{"start":{"line":20,"column":0},"end":{"line":20,"column":67}},"20":{"start":{"line":21,"column":0},"end":{"line":21,"column":14}},"21":{"start":{"line":22,"column":0},"end":{"line":22,"column":3}},"22":{"start":{"line":23,"column":0},"end":{"line":23,"column":2}},"24":{"start":{"line":25,"column":0},"end":{"line":25,"column":51}},"25":{"start":{"line":26,"column":0},"end":{"line":26,"column":7}},"26":{"start":{"line":27,"column":0},"end":{"line":27,"column":61}},"27":{"start":{"line":28,"column":0},"end":{"line":28,"column":19}},"28":{"start":{"line":29,"column":0},"end":{"line":29,"column":64}},"29":{"start":{"line":30,"column":0},"end":{"line":30,"column":3}},"30":{"start":{"line":31,"column":0},"end":{"line":31,"column":2}}},"s":{"2":1,"3":1,"5":1,"6":3,"7":3,"9":1,"10":2,"12":2,"13":2,"14":2,"15":1,"16":1,"17":1,"18":2,"19":0,"20":0,"21":0,"22":2,"24":1,"25":14,"26":14,"27":14,"28":0,"29":0,"30":14},"branchMap":{"0":{"type":"branch","line":6,"loc":{"start":{"line":6,"column":29},"end":{"line":8,"column":2}},"locations":[{"start":{"line":6,"column":29},"end":{"line":8,"column":2}}]},"1":{"type":"branch","line":7,"loc":{"start":{"line":7,"column":21},"end":{"line":7,"column":57}},"locations":[{"start":{"line":7,"column":21},"end":{"line":7,"column":57}}]},"2":{"type":"branch","line":10,"loc":{"start":{"line":10,"column":25},"end":{"line":23,"column":2}},"locations":[{"start":{"line":10,"column":25},"end":{"line":23,"column":2}}]},"3":{"type":"branch","line":15,"loc":{"start":{"line":15,"column":15},"end":{"line":19,"column":11}},"locations":[{"start":{"line":15,"column":15},"end":{"line":19,"column":11}}]},"4":{"type":"branch","line":19,"loc":{"start":{"line":19,"column":2},"end":{"line":22,"column":3}},"locations":[{"start":{"line":19,"column":2},"end":{"line":22,"column":3}}]},"5":{"type":"branch","line":25,"loc":{"start":{"line":25,"column":25},"end":{"line":31,"column":2}},"locations":[{"start":{"line":25,"column":25},"end":{"line":31,"column":2}}]},"6":{"type":"branch","line":28,"loc":{"start":{"line":28,"column":2},"end":{"line":30,"column":3}},"locations":[{"start":{"line":28,"column":2},"end":{"line":30,"column":3}}]}},"b":{"0":[3],"1":[3],"2":[2],"3":[1],"4":[0],"5":[14],"6":[0]},"fnMap":{"0":{"name":"simulateDelay","decl":{"start":{"line":6,"column":29},"end":{"line":8,"column":2}},"loc":{"start":{"line":6,"column":29},"end":{"line":8,"column":2}},"line":6},"1":{"name":"loadCards","decl":{"start":{"line":10,"column":25},"end":{"line":23,"column":2}},"loc":{"start":{"line":10,"column":25},"end":{"line":23,"column":2}},"line":10},"2":{"name":"saveCards","decl":{"start":{"line":25,"column":25},"end":{"line":31,"column":2}},"loc":{"start":{"line":25,"column":25},"end":{"line":31,"column":2}},"line":25}},"f":{"0":3,"1":2,"2":14}}
}
